Daemon/build/outputs/logs/manifest-merger-release-report.txt
-- Merging decision tree log ---
manifest
ADDED from src/main/AndroidManifest.xml:1:1-34:12
	xmlns:android
		ADDED from src/main/AndroidManifest.xml:1:11-69
	package
		ADDED from src/main/AndroidManifest.xml:2:5-36
		INJECTED from src/main/AndroidManifest.xml
		INJECTED from src/main/AndroidManifest.xml
	android:versionName
		INJECTED from src/main/AndroidManifest.xml
		INJECTED from src/main/AndroidManifest.xml
	android:versionCode
		INJECTED from src/main/AndroidManifest.xml
		INJECTED from src/main/AndroidManifest.xml
application
ADDED from src/main/AndroidManifest.xml:4:5-33:19
	android:supportsRtl
		ADDED from src/main/AndroidManifest.xml:7:9-35
	android:label
		ADDED from src/main/AndroidManifest.xml:6:9-31
	android:icon
		ADDED from src/main/AndroidManifest.xml:5:9-43
	android:theme
		ADDED from src/main/AndroidManifest.xml:9:9-73
	android:persistent
		ADDED from src/main/AndroidManifest.xml:8:9-34
activity#com.aigestudio.daemon.activities.MainActivity
ADDED from src/main/AndroidManifest.xml:10:9-15:20
	android:name
		ADDED from src/main/AndroidManifest.xml:10:19-58
intent-filter#android.intent.action.MAIN+android.intent.category.LAUNCHER
ADDED from src/main/AndroidManifest.xml:11:13-14:29
category#android.intent.category.LAUNCHER
ADDED from src/main/AndroidManifest.xml:12:17-77
	android:name
		ADDED from src/main/AndroidManifest.xml:12:27-74
action#android.intent.action.MAIN
ADDED from src/main/AndroidManifest.xml:13:17-69
	android:name
		ADDED from src/main/AndroidManifest.xml:13:25-66
service#com.aigestudio.daemon.services.DaemonService
ADDED from src/main/AndroidManifest.xml:16:9-18:42
	android:process
		ADDED from src/main/AndroidManifest.xml:18:13-39
	android:name
		ADDED from src/main/AndroidManifest.xml:17:13-51
service#com.aigestudio.daemon.core.DService
ADDED from src/main/AndroidManifest.xml:25:9-32:19
	android:process
		ADDED from src/main/AndroidManifest.xml:28:13-39
	android:permission
		ADDED from src/main/AndroidManifest.xml:27:13-87
	android:name
		ADDED from src/main/AndroidManifest.xml:26:13-42
intent-filter#android.service.notification.NotificationListenerService
ADDED from src/main/AndroidManifest.xml:29:13-31:29
action#android.service.notification.NotificationListenerService
ADDED from src/main/AndroidManifest.xml:30:17-99
	android:name
		ADDED from src/main/AndroidManifest.xml:30:25-96
uses-sdk
INJECTED from src/main/AndroidManifest.xml reason: use-sdk injection requested
	android:targetSdkVersion
		INJECTED from src/main/AndroidManifest.xml
		INJECTED from src/main/AndroidManifest.xml
	android:minSdkVersion
		INJECTED from src/main/AndroidManifest.xml
		INJECTED from src/main/AndroidManifest.xml